The disableGPU setting is set to undefined
Not disabling GPU
Main~createDefaultWorkingDir - Default working dir creation already attempted
1623760487371 main info "Booting Postman 8.6.1, linux-5.4.0-74-generic on x64"
1623760487374 main info "EventBus~initialize - Success"
1623760487377 main info "Proxy configuration has not been setup"
1623760487379 main info "CloudProxyManager~init - Success"
1623760487396 main info "UpdateHandler~init - Success"
1623760489368 main info "RuntimeIPCAgent~started: Success"
1623760489410 main info "LeaderSelection: Initialized successfully"
1623760491934 main info "GPU detected VID 32902 DID 22806 ACTIVE true"
1623760493059 main info "LinuxAutoUpdater~Cleanup - Initial cleanup successful"
1623760493366 main info "Bootstrap-models~bootstrap - Success"
1623760495115 main info "window-manager~newSharedWindow: Shell loaded"
1623760499326 main info "Main~AppEvents - Received booted event for process shared"
1623760502343 main info "UpdateHandler~app-update-events - Received event",{"name":"checkForElectronVersionUpdated","namespace":"appUpdate"}
INTERCEPTOR CONNECTIVITY: Connecting to Interceptor Bridge
InterceptorBridge: Trying to connect Native App IPC~Interceptor Bridge
IPCClient ~ WindowHandler: New event is received { type: 'window-opened' }
1623760502370 main info "Main~AppEvents - Received booted event for process requester"
1623760512871 main info "UpdateHandler~app-update-events - Received event",{"name":"updateElectron","namespace":"appUpdate","data":{"channel":"stable","version":"8.6.1","downloadVersion":"8.6.2","appId":"400e1fc9-6e43-4796-8e3e-48ceefc43126","userAgent":"Mozilla/5.0 (X11; Linux x86_64) AppleWebKit/537.36 (KHTML, like Gecko) Postman/8.6.1 Chrome/83.0.4103.122 Electron/9.4.3 Safari/537.36","platform":"LINUX","arch":"64","downloadURL":"https://dl.pstmn.io/download/version/8.6.2/linux_64","updateServerDomain":"https://dl.pstmn.io/","additionalParamsString":"installationId=400e1fc9-6e43-4796-8e3e-48ceefc43126&userId=8646456&syncEnabled=true&teamPlan=&teamId=0","userId":"8646456"}}
1623760512872 main info "LinuxUpdater~downloadUpdate - UpdateInfo received",{"channel":"stable","version":"8.6.1","downloadVersion":"8.6.2","appId":"400e1fc9-6e43-4796-8e3e-48ceefc43126","userAgent":"Mozilla/5.0 (X11; Linux x86_64) AppleWebKit/537.36 (KHTML, like Gecko) Postman/8.6.1 Chrome/83.0.4103.122 Electron/9.4.3 Safari/537.36","platform":"LINUX","arch":"64","downloadURL":"https://dl.pstmn.io/download/version/8.6.2/linux_64","updateServerDomain":"https://dl.pstmn.io/","additionalParamsString":"installationId=400e1fc9-6e43-4796-8e3e-48ceefc43126&userId=8646456&syncEnabled=true&teamPlan=&teamId=0","userId":"8646456"}
1623760526450 main info "LinuxAutoUpdater~Extraction completed",{"packageName":"Postman","eID":"Postman-1623760512872","downloadURL":"https://dl.pstmn.io/download/version/8.6.2/linux_64","downloadDirectory":"/opt/Postman","downloadInfo":{"status":"DOWNLOAD_COMPLETED","error":null,"downloadDirectory":"/opt/Postman"},"extractInfo":{"status":"EXTRACTION_SUCCESSFUL","error":null,"extractDirectory":"/opt/Postman","standardOutput":"","standardError":""}}
1623760526613 main info "@postman/app-updater: Update updateDownloaded","","Postman 8.6.2","","https://dl.pstmn.io/download/version/8.6.2/linux_64"
1623760526622 main info "UpdateHandler~app-update-events - Received event",{"name":"electronAppUpdateDownloaded","namespace":"appUpdate","data":{"releaseName":"Postman 8.6.2","notes":"","date":"","URL":"https://dl.pstmn.io/download/version/8.6.2/linux_64"}}
